# JRE version: Java(TM) SE Runtime Environment (21.0.5+9) (build 21.0.5+9-LTS-239)
# Java VM: Java HotSpot(TM) 64-Bit Server VM (21.0.5+9-LTS-239, mixed mode, sharing, tiered, compressed oops, compressed class ptrs, g1 gc, windows-amd64)
GC Precious Log:
 CardTable entry size: 512
 Card Set container configuration: InlinePtr #cards 5 size 8 Array Of Cards #cards 12 size 40 Howl #buckets 4 coarsen threshold 1843 Howl Bitmap #cards 512 size 80 coarsen threshold 460 Card regions per heap region 1 cards per card region 2048
 CPUs: 12 total, 12 available
 Memory: 7521M
 Large Page Support: Disabled
 NUMA Support: Disabled
 Compressed Oops: Enabled (32-bit)
 Heap Region Size: 1M
 Heap Min Capacity: 8M
 Heap Initial Capacity: 118M
 Heap Max Capacity: 1882M
 Pre-touch: Disabled
 Parallel Workers: 10
 Concurrent Workers: 3
 Concurrent Refinement Workers: 10
 Periodic GC: Disabled
Heap:
 garbage-first heap   total 95232K, used 60635K [0x000000008a600000, 0x0000000100000000)
  region size 1024K, 23 young (23552K), 6 survivors (6144K)
 Metaspace       used 79624K, committed 80320K, reserved 1179648K
  class space    used 10646K, committed 10944K, reserved 1048576K
GC Heap History (20 events):
Event: 5.650 GC heap before
{Heap before GC invocations=3 (full 0):
 garbage-first heap   total 120832K, used 39945K [0x000000008a600000, 0x0000000100000000)
  region size 1024K, 25 young (25600K), 6 survivors (6144K)
 Metaspace       used 21189K, committed 21504K, reserved 1114112K
  class space    used 2628K, committed 2752K, reserved 1048576K
}
Event: 5.656 GC heap after
{Heap after GC invocations=4 (full 0):
 garbage-first heap   total 120832K, used 23147K [0x000000008a600000, 0x0000000100000000)
  region size 1024K, 5 young (5120K), 5 survivors (5120K)
 Metaspace       used 21189K, committed 21504K, reserved 1114112K
  class space    used 2628K, committed 2752K, reserved 1048576K
}
Event: 7.964 GC heap before
{Heap before GC invocations=5 (full 0):
 garbage-first heap   total 75776K, used 58987K [0x000000008a600000, 0x0000000100000000)
  region size 1024K, 44 young (45056K), 5 survivors (5120K)
 Metaspace       used 26465K, committed 26880K, reserved 1114112K
  class space    used 3267K, committed 3456K, reserved 1048576K
}
Event: 7.972 GC heap after
{Heap after GC invocations=6 (full 0):
 garbage-first heap   total 75776K, used 24325K [0x000000008a600000, 0x0000000100000000)
  region size 1024K, 6 young (6144K), 6 survivors (6144K)
 Metaspace       used 26465K, committed 26880K, reserved 1114112K
  class space    used 3267K, committed 3456K, reserved 1048576K
}
Event: 10.759 GC heap before
{Heap before GC invocations=6 (full 0):
 garbage-first heap   total 75776K, used 57093K [0x000000008a600000, 0x0000000100000000)
  region size 1024K, 39 young (39936K), 6 survivors (6144K)
 Metaspace       used 31436K, committed 31872K, reserved 1114112K
  class space    used 3991K, committed 4224K, reserved 1048576K
}
Event: 10.767 GC heap after
{Heap after GC invocations=7 (full 0):
 garbage-first heap   total 75776K, used 25280K [0x000000008a600000, 0x0000000100000000)
  region size 1024K, 3 young (3072K), 3 survivors (3072K)
 Metaspace       used 31436K, committed 31872K, reserved 1114112K
  class space    used 3991K, committed 4224K, reserved 1048576K
}
Event: 12.491 GC heap before
{Heap before GC invocations=7 (full 0):
 garbage-first heap   total 75776K, used 52928K [0x000000008a600000, 0x0000000100000000)
  region size 1024K, 31 young (31744K), 3 survivors (3072K)
 Metaspace       used 35675K, committed 36096K, reserved 1114112K
  class space    used 4592K, committed 4800K, reserved 1048576K
}
Event: 12.497 GC heap after
{Heap after GC invocations=8 (full 0):
 garbage-first heap   total 75776K, used 27969K [0x000000008a600000, 0x0000000100000000)
  region size 1024K, 5 young (5120K), 5 survivors (5120K)
 Metaspace       used 35675K, committed 36096K, reserved 1114112K
  class space    used 4592K, committed 4800K, reserved 1048576K
}
Event: 14.056 GC heap before
{Heap before GC invocations=9 (full 0):
 garbage-first heap   total 75776K, used 66881K [0x000000008a600000, 0x0000000100000000)
  region size 1024K, 39 young (39936K), 5 survivors (5120K)
 Metaspace       used 37980K, committed 38464K, reserved 1114112K
  class space    used 4864K, committed 5056K, reserved 1048576K
}
Event: 14.065 GC heap after
{Heap after GC invocations=10 (full 0):
 garbage-first heap   total 78848K, used 33091K [0x000000008a600000, 0x0000000100000000)
  region size 1024K, 5 young (5120K), 5 survivors (5120K)
 Metaspace       used 37980K, committed 38464K, reserved 1114112K
  class space    used 4864K, committed 5056K, reserved 1048576K
}
Event: 16.464 GC heap before
{Heap before GC invocations=10 (full 0):
 garbage-first heap   total 78848K, used 65859K [0x000000008a600000, 0x0000000100000000)
  region size 1024K, 36 young (36864K), 5 survivors (5120K)
 Metaspace       used 45462K, committed 46016K, reserved 1114112K
  class space    used 6011K, committed 6272K, reserved 1048576K
}
Event: 16.468 GC heap after
{Heap after GC invocations=11 (full 0):
 garbage-first heap   total 78848K, used 34912K [0x000000008a600000, 0x0000000100000000)
  region size 1024K, 3 young (3072K), 3 survivors (3072K)
 Metaspace       used 45462K, committed 46016K, reserved 1114112K
  class space    used 6011K, committed 6272K, reserved 1048576K
}
Event: 18.403 GC heap before
{Heap before GC invocations=11 (full 0):
 garbage-first heap   total 78848K, used 65632K [0x000000008a600000, 0x0000000100000000)
  region size 1024K, 33 young (33792K), 3 survivors (3072K)
 Metaspace       used 56744K, committed 57344K, reserved 1114112K
  class space    used 7376K, committed 7680K, reserved 1048576K
}
Event: 18.408 GC heap after
{Heap after GC invocations=12 (full 0):
 garbage-first heap   total 78848K, used 37995K [0x000000008a600000, 0x0000000100000000)
  region size 1024K, 5 young (5120K), 5 survivors (5120K)
 Metaspace       used 56744K, committed 57344K, reserved 1114112K
  class space    used 7376K, committed 7680K, reserved 1048576K
}
Event: 18.846 GC heap before
{Heap before GC invocations=12 (full 0):
 garbage-first heap   total 78848K, used 50283K [0x000000008a600000, 0x0000000100000000)
  region size 1024K, 18 young (18432K), 5 survivors (5120K)
 Metaspace       used 59696K, committed 60288K, reserved 1114112K
  class space    used 7718K, committed 8000K, reserved 1048576K
}
Event: 18.851 GC heap after
{Heap after GC invocations=13 (full 0):
 garbage-first heap   total 78848K, used 39204K [0x000000008a600000, 0x0000000100000000)
  region size 1024K, 2 young (2048K), 2 survivors (2048K)
 Metaspace       used 59696K, committed 60288K, reserved 1114112K
  class space    used 7718K, committed 8000K, reserved 1048576K
}
Event: 20.858 GC heap before
{Heap before GC invocations=14 (full 0):
 garbage-first heap   total 78848K, used 67876K [0x000000008a600000, 0x0000000100000000)
  region size 1024K, 30 young (30720K), 2 survivors (2048K)
 Metaspace       used 68527K, committed 69184K, reserved 1114112K
  class space    used 9160K, committed 9472K, reserved 1048576K
}
Event: 20.861 GC heap after
{Heap after GC invocations=15 (full 0):
 garbage-first heap   total 95232K, used 40111K [0x000000008a600000, 0x0000000100000000)
  region size 1024K, 2 young (2048K), 2 survivors (2048K)
 Metaspace       used 68527K, committed 69184K, reserved 1114112K
  class space    used 9160K, committed 9472K, reserved 1048576K
}
Event: 27.927 GC heap before
{Heap before GC invocations=15 (full 0):
 garbage-first heap   total 95232K, used 84143K [0x000000008a600000, 0x0000000100000000)
  region size 1024K, 45 young (46080K), 2 survivors (2048K)
 Metaspace       used 77253K, committed 77952K, reserved 1179648K
  class space    used 10316K, committed 10624K, reserved 1048576K
}
Event: 27.934 GC heap after
{Heap after GC invocations=16 (full 0):
 garbage-first heap   total 95232K, used 44251K [0x000000008a600000, 0x0000000100000000)
  region size 1024K, 6 young (6144K), 6 survivors (6144K)
 Metaspace       used 77253K, committed 77952K, reserved 1179648K
  class space    used 10316K, committed 10624K, reserved 1048576K
}

