# JRE version: Java(TM) SE Runtime Environment (21.0.5+9) (build 21.0.5+9-LTS-239)
# Java VM: Java HotSpot(TM) 64-Bit Server VM (21.0.5+9-LTS-239, mixed mode, sharing, tiered, compressed oops, compressed class ptrs, g1 gc, windows-amd64)
GC Precious Log:
 CardTable entry size: 512
 Card Set container configuration: InlinePtr #cards 5 size 8 Array Of Cards #cards 12 size 40 Howl #buckets 4 coarsen threshold 1843 Howl Bitmap #cards 512 size 80 coarsen threshold 460 Card regions per heap region 1 cards per card region 2048
 CPUs: 12 total, 12 available
 Memory: 7521M
 Large Page Support: Disabled
 NUMA Support: Disabled
 Compressed Oops: Enabled (32-bit)
 Heap Region Size: 1M
 Heap Min Capacity: 8M
 Heap Initial Capacity: 118M
 Heap Max Capacity: 1882M
 Pre-touch: Disabled
 Parallel Workers: 10
 Concurrent Workers: 3
 Concurrent Refinement Workers: 10
 Periodic GC: Disabled
Heap:
 garbage-first heap   total 100352K, used 57809K [0x000000008a600000, 0x0000000100000000)
  region size 1024K, 19 young (19456K), 3 survivors (3072K)
 Metaspace       used 90999K, committed 91648K, reserved 1179648K
  class space    used 12179K, committed 12480K, reserved 1048576K
GC Heap History (20 events):
Event: 4546.520 GC heap before
{Heap before GC invocations=24 (full 0):
 garbage-first heap   total 98304K, used 89124K [0x000000008a600000, 0x0000000100000000)
  region size 1024K, 44 young (45056K), 2 survivors (2048K)
 Metaspace       used 90518K, committed 91136K, reserved 1179648K
  class space    used 12174K, committed 12480K, reserved 1048576K
}
Event: 4546.662 GC heap after
{Heap after GC invocations=25 (full 0):
 garbage-first heap   total 100352K, used 44509K [0x000000008a600000, 0x0000000100000000)
  region size 1024K, 3 young (3072K), 3 survivors (3072K)
 Metaspace       used 90518K, committed 91136K, reserved 1179648K
  class space    used 12174K, committed 12480K, reserved 1048576K
}
Event: 5311.082 GC heap before
{Heap before GC invocations=25 (full 0):
 garbage-first heap   total 100352K, used 90589K [0x000000008a600000, 0x0000000100000000)
  region size 1024K, 48 young (49152K), 3 survivors (3072K)
 Metaspace       used 90618K, committed 91264K, reserved 1179648K
  class space    used 12174K, committed 12480K, reserved 1048576K
}
Event: 5311.159 GC heap after
{Heap after GC invocations=26 (full 0):
 garbage-first heap   total 100352K, used 45464K [0x000000008a600000, 0x0000000100000000)
  region size 1024K, 4 young (4096K), 4 survivors (4096K)
 Metaspace       used 90618K, committed 91264K, reserved 1179648K
  class space    used 12174K, committed 12480K, reserved 1048576K
}
Event: 6084.756 GC heap before
{Heap before GC invocations=26 (full 0):
 garbage-first heap   total 100352K, used 88472K [0x000000008a600000, 0x0000000100000000)
  region size 1024K, 46 young (47104K), 4 survivors (4096K)
 Metaspace       used 90681K, committed 91328K, reserved 1179648K
  class space    used 12174K, committed 12480K, reserved 1048576K
}
Event: 6084.834 GC heap after
{Heap after GC invocations=27 (full 0):
 garbage-first heap   total 100352K, used 45108K [0x000000008a600000, 0x0000000100000000)
  region size 1024K, 3 young (3072K), 3 survivors (3072K)
 Metaspace       used 90681K, committed 91328K, reserved 1179648K
  class space    used 12174K, committed 12480K, reserved 1048576K
}
Event: 6850.289 GC heap before
{Heap before GC invocations=28 (full 0):
 garbage-first heap   total 100352K, used 90164K [0x000000008a600000, 0x0000000100000000)
  region size 1024K, 47 young (48128K), 3 survivors (3072K)
 Metaspace       used 90701K, committed 91328K, reserved 1179648K
  class space    used 12174K, committed 12480K, reserved 1048576K
}
Event: 6850.323 GC heap after
{Heap after GC invocations=29 (full 0):
 garbage-first heap   total 100352K, used 45050K [0x000000008a600000, 0x0000000100000000)
  region size 1024K, 3 young (3072K), 3 survivors (3072K)
 Metaspace       used 90701K, committed 91328K, reserved 1179648K
  class space    used 12174K, committed 12480K, reserved 1048576K
}
Event: 8054.477 GC heap before
{Heap before GC invocations=29 (full 0):
 garbage-first heap   total 100352K, used 90106K [0x000000008a600000, 0x0000000100000000)
  region size 1024K, 47 young (48128K), 3 survivors (3072K)
 Metaspace       used 90713K, committed 91392K, reserved 1179648K
  class space    used 12174K, committed 12480K, reserved 1048576K
}
Event: 8054.573 GC heap after
{Heap after GC invocations=30 (full 0):
 garbage-first heap   total 100352K, used 43107K [0x000000008a600000, 0x0000000100000000)
  region size 1024K, 3 young (3072K), 3 survivors (3072K)
 Metaspace       used 90713K, committed 91392K, reserved 1179648K
  class space    used 12174K, committed 12480K, reserved 1048576K
}
Event: 8905.084 GC heap before
{Heap before GC invocations=30 (full 0):
 garbage-first heap   total 100352K, used 90211K [0x000000008a600000, 0x0000000100000000)
  region size 1024K, 49 young (50176K), 3 survivors (3072K)
 Metaspace       used 90725K, committed 91392K, reserved 1179648K
  class space    used 12174K, committed 12480K, reserved 1048576K
}
Event: 8905.133 GC heap after
{Heap after GC invocations=31 (full 0):
 garbage-first heap   total 100352K, used 43032K [0x000000008a600000, 0x0000000100000000)
  region size 1024K, 3 young (3072K), 3 survivors (3072K)
 Metaspace       used 90725K, committed 91392K, reserved 1179648K
  class space    used 12174K, committed 12480K, reserved 1048576K
}
Event: 9708.083 GC heap before
{Heap before GC invocations=32 (full 0):
 garbage-first heap   total 100352K, used 89112K [0x000000008a600000, 0x0000000100000000)
  region size 1024K, 49 young (50176K), 3 survivors (3072K)
 Metaspace       used 90835K, committed 91456K, reserved 1179648K
  class space    used 12174K, committed 12480K, reserved 1048576K
}
Event: 9708.150 GC heap after
{Heap after GC invocations=33 (full 0):
 garbage-first heap   total 100352K, used 43320K [0x000000008a600000, 0x0000000100000000)
  region size 1024K, 3 young (3072K), 3 survivors (3072K)
 Metaspace       used 90835K, committed 91456K, reserved 1179648K
  class space    used 12174K, committed 12480K, reserved 1048576K
}
Event: 10567.076 GC heap before
{Heap before GC invocations=33 (full 0):
 garbage-first heap   total 100352K, used 90424K [0x000000008a600000, 0x0000000100000000)
  region size 1024K, 49 young (50176K), 3 survivors (3072K)
 Metaspace       used 90837K, committed 91456K, reserved 1179648K
  class space    used 12174K, committed 12480K, reserved 1048576K
}
Event: 10567.180 GC heap after
{Heap after GC invocations=34 (full 0):
 garbage-first heap   total 100352K, used 42354K [0x000000008a600000, 0x0000000100000000)
  region size 1024K, 3 young (3072K), 3 survivors (3072K)
 Metaspace       used 90837K, committed 91456K, reserved 1179648K
  class space    used 12174K, committed 12480K, reserved 1048576K
}
Event: 11340.041 GC heap before
{Heap before GC invocations=34 (full 0):
 garbage-first heap   total 100352K, used 89458K [0x000000008a600000, 0x0000000100000000)
  region size 1024K, 49 young (50176K), 3 survivors (3072K)
 Metaspace       used 90968K, committed 91584K, reserved 1179648K
  class space    used 12179K, committed 12480K, reserved 1048576K
}
Event: 11340.150 GC heap after
{Heap after GC invocations=35 (full 0):
 garbage-first heap   total 100352K, used 42719K [0x000000008a600000, 0x0000000100000000)
  region size 1024K, 3 young (3072K), 3 survivors (3072K)
 Metaspace       used 90968K, committed 91584K, reserved 1179648K
  class space    used 12179K, committed 12480K, reserved 1048576K
}
Event: 12204.089 GC heap before
{Heap before GC invocations=36 (full 0):
 garbage-first heap   total 100352K, used 89823K [0x000000008a600000, 0x0000000100000000)
  region size 1024K, 49 young (50176K), 3 survivors (3072K)
 Metaspace       used 90986K, committed 91584K, reserved 1179648K
  class space    used 12179K, committed 12480K, reserved 1048576K
}
Event: 12204.161 GC heap after
{Heap after GC invocations=37 (full 0):
 garbage-first heap   total 100352K, used 42449K [0x000000008a600000, 0x0000000100000000)
  region size 1024K, 3 young (3072K), 3 survivors (3072K)
 Metaspace       used 90986K, committed 91584K, reserved 1179648K
  class space    used 12179K, committed 12480K, reserved 1048576K
}

